\BOOKMARK [0][-]{chapter.1}{\376\377\000R\000e\000p\000o\000r\000t\000e\000\040\000d\000e\000\040\000A\000n\000\341\000l\000i\000s\000i\000s\000\040\000d\000e\000\040\000D\000a\000t\000o\000s}{}% 1
\BOOKMARK [1][-]{section.1.1}{\376\377\000A\000n\000\341\000l\000i\000s\000i\000s\000\040\000G\000l\000o\000b\000a\000l}{chapter.1}% 2
\BOOKMARK [2][-]{subsection.1.1.1}{\376\377\000A\000n\000\341\000l\000i\000s\000i\000s\000\040\000U\000n\000i\000v\000a\000r\000i\000a\000d\000o}{section.1.1}% 3
\BOOKMARK [1][-]{section.1.2}{\376\377\000A\000n\000\341\000l\000i\000s\000i\000s\000\040\000B\000i\000v\000a\000r\000i\000a\000d\000o\000\040\000G\000l\000o\000b\000a\000l}{chapter.1}% 4
\BOOKMARK [2][-]{subsection.1.2.1}{\376\377\000M\000a\000t\000r\000i\000z\000\040\000d\000e\000\040\000C\000o\000r\000r\000e\000l\000a\000c\000i\000\363\000n}{section.1.2}% 5
\BOOKMARK [2][-]{subsection.1.2.2}{\376\377\000A\000n\000\341\000l\000i\000s\000i\000s\000\040\000d\000e\000\040\000I\000n\000f\000o\000r\000m\000a\000c\000i\000\363\000n\000\040\000M\000u\000t\000u\000a}{section.1.2}% 6
\BOOKMARK [2][-]{subsection.1.2.3}{\376\377\000P\000a\000i\000r\000p\000l\000o\000t\000\040\000G\000l\000o\000b\000a\000l}{section.1.2}% 7
\BOOKMARK [1][-]{section.1.3}{\376\377\000A\000n\000\341\000l\000i\000s\000i\000s\000\040\000E\000s\000t\000a\000d\000\355\000s\000t\000i\000c\000o\000\040\000d\000e\000\040\000l\000a\000\040\000E\000s\000t\000a\000c\000i\000\363\000n\000\040\000A\000n\000c\000a\000c\000h\000u\000r\000o}{chapter.1}% 8
\BOOKMARK [2][-]{subsection.1.3.1}{\376\377\000E\000s\000t\000a\000d\000\355\000s\000t\000i\000c\000a\000s\000\040\000D\000e\000s\000c\000r\000i\000p\000t\000i\000v\000a\000s}{section.1.3}% 9
\BOOKMARK [2][-]{subsection.1.3.2}{\376\377\000A\000n\000\341\000l\000i\000s\000i\000s\000\040\000U\000n\000i\000v\000a\000r\000i\000a\000d\000o}{section.1.3}% 10
\BOOKMARK [2][-]{subsection.1.3.3}{\376\377\000A\000n\000\341\000l\000i\000s\000i\000s\000\040\000B\000i\000v\000a\000r\000i\000a\000d\000o}{section.1.3}% 11
\BOOKMARK [1][-]{section.1.4}{\376\377\000A\000n\000\341\000l\000i\000s\000i\000s\000\040\000E\000s\000t\000a\000d\000\355\000s\000t\000i\000c\000o\000\040\000d\000e\000\040\000l\000a\000\040\000E\000s\000t\000a\000c\000i\000\363\000n\000\040\000A\000n\000d\000a\000h\000u\000a\000y\000l\000a\000s}{chapter.1}% 12
\BOOKMARK [2][-]{subsection.1.4.1}{\376\377\000E\000s\000t\000a\000d\000\355\000s\000t\000i\000c\000a\000s\000\040\000D\000e\000s\000c\000r\000i\000p\000t\000i\000v\000a\000s}{section.1.4}% 13
\BOOKMARK [2][-]{subsection.1.4.2}{\376\377\000A\000n\000\341\000l\000i\000s\000i\000s\000\040\000U\000n\000i\000v\000a\000r\000i\000a\000d\000o}{section.1.4}% 14
\BOOKMARK [2][-]{subsection.1.4.3}{\376\377\000A\000n\000\341\000l\000i\000s\000i\000s\000\040\000B\000i\000v\000a\000r\000i\000a\000d\000o}{section.1.4}% 15
\BOOKMARK [1][-]{section.1.5}{\376\377\000A\000n\000\341\000l\000i\000s\000i\000s\000\040\000E\000s\000t\000a\000d\000\355\000s\000t\000i\000c\000o\000\040\000d\000e\000\040\000l\000a\000\040\000E\000s\000t\000a\000c\000i\000\363\000n\000\040\000A\000n\000c\000a\000c\000h\000u\000r\000o}{chapter.1}% 16
\BOOKMARK [2][-]{subsection.1.5.1}{\376\377\000E\000s\000t\000a\000d\000\355\000s\000t\000i\000c\000a\000s\000\040\000D\000e\000s\000c\000r\000i\000p\000t\000i\000v\000a\000s}{section.1.5}% 17
\BOOKMARK [2][-]{subsection.1.5.2}{\376\377\000A\000n\000\341\000l\000i\000s\000i\000s\000\040\000U\000n\000i\000v\000a\000r\000i\000a\000d\000o}{section.1.5}% 18
\BOOKMARK [2][-]{subsection.1.5.3}{\376\377\000A\000n\000\341\000l\000i\000s\000i\000s\000\040\000B\000i\000v\000a\000r\000i\000a\000d\000o}{section.1.5}% 19
\BOOKMARK [1][-]{section.1.6}{\376\377\000A\000n\000\341\000l\000i\000s\000i\000s\000\040\000E\000s\000t\000a\000d\000\355\000s\000t\000i\000c\000o\000\040\000d\000e\000\040\000l\000a\000\040\000E\000s\000t\000a\000c\000i\000\363\000n\000\040\000C\000a\000r\000a\000v\000e\000l\000i}{chapter.1}% 20
\BOOKMARK [2][-]{subsection.1.6.1}{\376\377\000E\000s\000t\000a\000d\000\355\000s\000t\000i\000c\000a\000s\000\040\000D\000e\000s\000c\000r\000i\000p\000t\000i\000v\000a\000s}{section.1.6}% 21
\BOOKMARK [2][-]{subsection.1.6.2}{\376\377\000A\000n\000\341\000l\000i\000s\000i\000s\000\040\000U\000n\000i\000v\000a\000r\000i\000a\000d\000o}{section.1.6}% 22
\BOOKMARK [2][-]{subsection.1.6.3}{\376\377\000A\000n\000\341\000l\000i\000s\000i\000s\000\040\000B\000i\000v\000a\000r\000i\000a\000d\000o}{section.1.6}% 23
\BOOKMARK [1][-]{section.1.7}{\376\377\000A\000n\000\341\000l\000i\000s\000i\000s\000\040\000E\000s\000t\000a\000d\000\355\000s\000t\000i\000c\000o\000\040\000d\000e\000\040\000l\000a\000\040\000E\000s\000t\000a\000c\000i\000\363\000n\000\040\000C\000o\000r\000a\000c\000o\000r\000a}{chapter.1}% 24
\BOOKMARK [2][-]{subsection.1.7.1}{\376\377\000E\000s\000t\000a\000d\000\355\000s\000t\000i\000c\000a\000s\000\040\000D\000e\000s\000c\000r\000i\000p\000t\000i\000v\000a\000s}{section.1.7}% 25
\BOOKMARK [2][-]{subsection.1.7.2}{\376\377\000A\000n\000\341\000l\000i\000s\000i\000s\000\040\000U\000n\000i\000v\000a\000r\000i\000a\000d\000o}{section.1.7}% 26
\BOOKMARK [2][-]{subsection.1.7.3}{\376\377\000A\000n\000\341\000l\000i\000s\000i\000s\000\040\000B\000i\000v\000a\000r\000i\000a\000d\000o}{section.1.7}% 27
\BOOKMARK [1][-]{section.1.8}{\376\377\000A\000n\000\341\000l\000i\000s\000i\000s\000\040\000E\000s\000t\000a\000d\000\355\000s\000t\000i\000c\000o\000\040\000d\000e\000\040\000l\000a\000\040\000E\000s\000t\000a\000c\000i\000\363\000n\000\040\000C\000o\000t\000a\000h\000u\000a\000s\000i}{chapter.1}% 28
\BOOKMARK [2][-]{subsection.1.8.1}{\376\377\000E\000s\000t\000a\000d\000\355\000s\000t\000i\000c\000a\000s\000\040\000D\000e\000s\000c\000r\000i\000p\000t\000i\000v\000a\000s}{section.1.8}% 29
\BOOKMARK [2][-]{subsection.1.8.2}{\376\377\000A\000n\000\341\000l\000i\000s\000i\000s\000\040\000U\000n\000i\000v\000a\000r\000i\000a\000d\000o}{section.1.8}% 30
\BOOKMARK [2][-]{subsection.1.8.3}{\376\377\000A\000n\000\341\000l\000i\000s\000i\000s\000\040\000B\000i\000v\000a\000r\000i\000a\000d\000o}{section.1.8}% 31
\BOOKMARK [1][-]{section.1.9}{\376\377\000A\000n\000\341\000l\000i\000s\000i\000s\000\040\000E\000s\000t\000a\000d\000\355\000s\000t\000i\000c\000o\000\040\000d\000e\000\040\000l\000a\000\040\000E\000s\000t\000a\000c\000i\000\363\000n\000\040\000C\000o\000t\000a\000h\000u\000a\000s\000i}{chapter.1}% 32
\BOOKMARK [2][-]{subsection.1.9.1}{\376\377\000E\000s\000t\000a\000d\000\355\000s\000t\000i\000c\000a\000s\000\040\000D\000e\000s\000c\000r\000i\000p\000t\000i\000v\000a\000s}{section.1.9}% 33
\BOOKMARK [2][-]{subsection.1.9.2}{\376\377\000A\000n\000\341\000l\000i\000s\000i\000s\000\040\000U\000n\000i\000v\000a\000r\000i\000a\000d\000o}{section.1.9}% 34
\BOOKMARK [2][-]{subsection.1.9.3}{\376\377\000A\000n\000\341\000l\000i\000s\000i\000s\000\040\000B\000i\000v\000a\000r\000i\000a\000d\000o}{section.1.9}% 35
\BOOKMARK [1][-]{section.1.10}{\376\377\000A\000n\000\341\000l\000i\000s\000i\000s\000\040\000E\000s\000t\000a\000d\000\355\000s\000t\000i\000c\000o\000\040\000d\000e\000\040\000l\000a\000\040\000E\000s\000t\000a\000c\000i\000\363\000n\000\040\000H\000u\000a\000m\000b\000o}{chapter.1}% 36
\BOOKMARK [2][-]{subsection.1.10.1}{\376\377\000E\000s\000t\000a\000d\000\355\000s\000t\000i\000c\000a\000s\000\040\000D\000e\000s\000c\000r\000i\000p\000t\000i\000v\000a\000s}{section.1.10}% 37
\BOOKMARK [2][-]{subsection.1.10.2}{\376\377\000A\000n\000\341\000l\000i\000s\000i\000s\000\040\000U\000n\000i\000v\000a\000r\000i\000a\000d\000o}{section.1.10}% 38
\BOOKMARK [2][-]{subsection.1.10.3}{\376\377\000A\000n\000\341\000l\000i\000s\000i\000s\000\040\000B\000i\000v\000a\000r\000i\000a\000d\000o}{section.1.10}% 39
\BOOKMARK [1][-]{section.1.11}{\376\377\000A\000n\000\341\000l\000i\000s\000i\000s\000\040\000E\000s\000t\000a\000d\000\355\000s\000t\000i\000c\000o\000\040\000d\000e\000\040\000l\000a\000\040\000E\000s\000t\000a\000c\000i\000\363\000n\000\040\000H\000u\000a\000r\000a\000y\000a}{chapter.1}% 40
\BOOKMARK [2][-]{subsection.1.11.1}{\376\377\000E\000s\000t\000a\000d\000\355\000s\000t\000i\000c\000a\000s\000\040\000D\000e\000s\000c\000r\000i\000p\000t\000i\000v\000a\000s}{section.1.11}% 41
\BOOKMARK [2][-]{subsection.1.11.2}{\376\377\000A\000n\000\341\000l\000i\000s\000i\000s\000\040\000U\000n\000i\000v\000a\000r\000i\000a\000d\000o}{section.1.11}% 42
\BOOKMARK [2][-]{subsection.1.11.3}{\376\377\000A\000n\000\341\000l\000i\000s\000i\000s\000\040\000B\000i\000v\000a\000r\000i\000a\000d\000o}{section.1.11}% 43
\BOOKMARK [1][-]{section.1.12}{\376\377\000A\000n\000\341\000l\000i\000s\000i\000s\000\040\000E\000s\000t\000a\000d\000\355\000s\000t\000i\000c\000o\000\040\000d\000e\000\040\000l\000a\000\040\000E\000s\000t\000a\000c\000i\000\363\000n\000\040\000I\000m\000a\000t\000a}{chapter.1}% 44
\BOOKMARK [2][-]{subsection.1.12.1}{\376\377\000E\000s\000t\000a\000d\000\355\000s\000t\000i\000c\000a\000s\000\040\000D\000e\000s\000c\000r\000i\000p\000t\000i\000v\000a\000s}{section.1.12}% 45
\BOOKMARK [2][-]{subsection.1.12.2}{\376\377\000A\000n\000\341\000l\000i\000s\000i\000s\000\040\000U\000n\000i\000v\000a\000r\000i\000a\000d\000o}{section.1.12}% 46
\BOOKMARK [2][-]{subsection.1.12.3}{\376\377\000A\000n\000\341\000l\000i\000s\000i\000s\000\040\000B\000i\000v\000a\000r\000i\000a\000d\000o}{section.1.12}% 47
\BOOKMARK [1][-]{section.1.13}{\376\377\000A\000n\000\341\000l\000i\000s\000i\000s\000\040\000E\000s\000t\000a\000d\000\355\000s\000t\000i\000c\000o\000\040\000d\000e\000\040\000l\000a\000\040\000E\000s\000t\000a\000c\000i\000\363\000n\000\040\000K\000a\000y\000r\000a}{chapter.1}% 48
\BOOKMARK [2][-]{subsection.1.13.1}{\376\377\000E\000s\000t\000a\000d\000\355\000s\000t\000i\000c\000a\000s\000\040\000D\000e\000s\000c\000r\000i\000p\000t\000i\000v\000a\000s}{section.1.13}% 49
\BOOKMARK [2][-]{subsection.1.13.2}{\376\377\000A\000n\000\341\000l\000i\000s\000i\000s\000\040\000U\000n\000i\000v\000a\000r\000i\000a\000d\000o}{section.1.13}% 50
\BOOKMARK [2][-]{subsection.1.13.3}{\376\377\000A\000n\000\341\000l\000i\000s\000i\000s\000\040\000B\000i\000v\000a\000r\000i\000a\000d\000o}{section.1.13}% 51
\BOOKMARK [1][-]{section.1.14}{\376\377\000A\000n\000\341\000l\000i\000s\000i\000s\000\040\000E\000s\000t\000a\000d\000\355\000s\000t\000i\000c\000o\000\040\000d\000e\000\040\000l\000a\000\040\000E\000s\000t\000a\000c\000i\000\363\000n\000\040\000M\000a\000\361\000a\000z\000o}{chapter.1}% 52
\BOOKMARK [2][-]{subsection.1.14.1}{\376\377\000E\000s\000t\000a\000d\000\355\000s\000t\000i\000c\000a\000s\000\040\000D\000e\000s\000c\000r\000i\000p\000t\000i\000v\000a\000s}{section.1.14}% 53
\BOOKMARK [2][-]{subsection.1.14.2}{\376\377\000A\000n\000\341\000l\000i\000s\000i\000s\000\040\000U\000n\000i\000v\000a\000r\000i\000a\000d\000o}{section.1.14}% 54
\BOOKMARK [2][-]{subsection.1.14.3}{\376\377\000A\000n\000\341\000l\000i\000s\000i\000s\000\040\000B\000i\000v\000a\000r\000i\000a\000d\000o}{section.1.14}% 55
\BOOKMARK [1][-]{section.1.15}{\376\377\000A\000n\000\341\000l\000i\000s\000i\000s\000\040\000E\000s\000t\000a\000d\000\355\000s\000t\000i\000c\000o\000\040\000d\000e\000\040\000l\000a\000\040\000E\000s\000t\000a\000c\000i\000\363\000n\000\040\000P\000a\000m\000p\000a\000\040\000B\000l\000a\000n\000c\000a}{chapter.1}% 56
\BOOKMARK [2][-]{subsection.1.15.1}{\376\377\000E\000s\000t\000a\000d\000\355\000s\000t\000i\000c\000a\000s\000\040\000D\000e\000s\000c\000r\000i\000p\000t\000i\000v\000a\000s}{section.1.15}% 57
\BOOKMARK [2][-]{subsection.1.15.2}{\376\377\000A\000n\000\341\000l\000i\000s\000i\000s\000\040\000U\000n\000i\000v\000a\000r\000i\000a\000d\000o}{section.1.15}% 58
\BOOKMARK [2][-]{subsection.1.15.3}{\376\377\000A\000n\000\341\000l\000i\000s\000i\000s\000\040\000B\000i\000v\000a\000r\000i\000a\000d\000o}{section.1.15}% 59
\BOOKMARK [1][-]{section.1.16}{\376\377\000A\000n\000\341\000l\000i\000s\000i\000s\000\040\000E\000s\000t\000a\000d\000\355\000s\000t\000i\000c\000o\000\040\000d\000e\000\040\000l\000a\000\040\000E\000s\000t\000a\000c\000i\000\363\000n\000\040\000P\000i\000z\000a\000c\000o\000m\000a}{chapter.1}% 60
\BOOKMARK [2][-]{subsection.1.16.1}{\376\377\000E\000s\000t\000a\000d\000\355\000s\000t\000i\000c\000a\000s\000\040\000D\000e\000s\000c\000r\000i\000p\000t\000i\000v\000a\000s}{section.1.16}% 61
\BOOKMARK [2][-]{subsection.1.16.2}{\376\377\000A\000n\000\341\000l\000i\000s\000i\000s\000\040\000U\000n\000i\000v\000a\000r\000i\000a\000d\000o}{section.1.16}% 62
\BOOKMARK [2][-]{subsection.1.16.3}{\376\377\000A\000n\000\341\000l\000i\000s\000i\000s\000\040\000B\000i\000v\000a\000r\000i\000a\000d\000o}{section.1.16}% 63
\BOOKMARK [1][-]{section.1.17}{\376\377\000A\000n\000\341\000l\000i\000s\000i\000s\000\040\000E\000s\000t\000a\000d\000\355\000s\000t\000i\000c\000o\000\040\000d\000e\000\040\000l\000a\000\040\000E\000s\000t\000a\000c\000i\000\363\000n\000\040\000P\000u\000c\000a\000r\000a}{chapter.1}% 64
\BOOKMARK [2][-]{subsection.1.17.1}{\376\377\000E\000s\000t\000a\000d\000\355\000s\000t\000i\000c\000a\000s\000\040\000D\000e\000s\000c\000r\000i\000p\000t\000i\000v\000a\000s}{section.1.17}% 65
\BOOKMARK [2][-]{subsection.1.17.2}{\376\377\000A\000n\000\341\000l\000i\000s\000i\000s\000\040\000U\000n\000i\000v\000a\000r\000i\000a\000d\000o}{section.1.17}% 66
\BOOKMARK [2][-]{subsection.1.17.3}{\376\377\000A\000n\000\341\000l\000i\000s\000i\000s\000\040\000B\000i\000v\000a\000r\000i\000a\000d\000o}{section.1.17}% 67
\BOOKMARK [1][-]{section.1.18}{\376\377\000A\000n\000\341\000l\000i\000s\000i\000s\000\040\000E\000s\000t\000a\000d\000\355\000s\000t\000i\000c\000o\000\040\000d\000e\000\040\000l\000a\000\040\000E\000s\000t\000a\000c\000i\000\363\000n\000\040\000P\000u\000n\000t\000a\000\040\000A\000t\000i\000c\000o}{chapter.1}% 68
\BOOKMARK [2][-]{subsection.1.18.1}{\376\377\000E\000s\000t\000a\000d\000\355\000s\000t\000i\000c\000a\000s\000\040\000D\000e\000s\000c\000r\000i\000p\000t\000i\000v\000a\000s}{section.1.18}% 69
\BOOKMARK [2][-]{subsection.1.18.2}{\376\377\000A\000n\000\341\000l\000i\000s\000i\000s\000\040\000U\000n\000i\000v\000a\000r\000i\000a\000d\000o}{section.1.18}% 70
\BOOKMARK [2][-]{subsection.1.18.3}{\376\377\000A\000n\000\341\000l\000i\000s\000i\000s\000\040\000B\000i\000v\000a\000r\000i\000a\000d\000o}{section.1.18}% 71
\BOOKMARK [1][-]{section.1.19}{\376\377\000A\000n\000\341\000l\000i\000s\000i\000s\000\040\000E\000s\000t\000a\000d\000\355\000s\000t\000i\000c\000o\000\040\000d\000e\000\040\000l\000a\000\040\000E\000s\000t\000a\000c\000i\000\363\000n\000\040\000P\000u\000n\000t\000a\000\040\000C\000o\000l\000e\000s}{chapter.1}% 72
\BOOKMARK [2][-]{subsection.1.19.1}{\376\377\000E\000s\000t\000a\000d\000\355\000s\000t\000i\000c\000a\000s\000\040\000D\000e\000s\000c\000r\000i\000p\000t\000i\000v\000a\000s}{section.1.19}% 73
\BOOKMARK [2][-]{subsection.1.19.2}{\376\377\000A\000n\000\341\000l\000i\000s\000i\000s\000\040\000U\000n\000i\000v\000a\000r\000i\000a\000d\000o}{section.1.19}% 74
\BOOKMARK [2][-]{subsection.1.19.3}{\376\377\000A\000n\000\341\000l\000i\000s\000i\000s\000\040\000B\000i\000v\000a\000r\000i\000a\000d\000o}{section.1.19}% 75
\BOOKMARK [1][-]{section.1.20}{\376\377\000A\000n\000\341\000l\000i\000s\000i\000s\000\040\000E\000s\000t\000a\000d\000\355\000s\000t\000i\000c\000o\000\040\000d\000e\000\040\000l\000a\000\040\000E\000s\000t\000a\000c\000i\000\363\000n\000\040\000S\000i\000c\000u\000a\000n\000i}{chapter.1}% 76
\BOOKMARK [2][-]{subsection.1.20.1}{\376\377\000E\000s\000t\000a\000d\000\355\000s\000t\000i\000c\000a\000s\000\040\000D\000e\000s\000c\000r\000i\000p\000t\000i\000v\000a\000s}{section.1.20}% 77
\BOOKMARK [2][-]{subsection.1.20.2}{\376\377\000A\000n\000\341\000l\000i\000s\000i\000s\000\040\000U\000n\000i\000v\000a\000r\000i\000a\000d\000o}{section.1.20}% 78
\BOOKMARK [2][-]{subsection.1.20.3}{\376\377\000A\000n\000\341\000l\000i\000s\000i\000s\000\040\000B\000i\000v\000a\000r\000i\000a\000d\000o}{section.1.20}% 79
\BOOKMARK [1][-]{section.1.21}{\376\377\000A\000n\000\341\000l\000i\000s\000i\000s\000\040\000E\000s\000t\000a\000d\000\355\000s\000t\000i\000c\000o\000\040\000d\000e\000\040\000l\000a\000\040\000E\000s\000t\000a\000c\000i\000\363\000n\000\040\000U\000b\000i\000n\000a\000s}{chapter.1}% 80
\BOOKMARK [2][-]{subsection.1.21.1}{\376\377\000E\000s\000t\000a\000d\000\355\000s\000t\000i\000c\000a\000s\000\040\000D\000e\000s\000c\000r\000i\000p\000t\000i\000v\000a\000s}{section.1.21}% 81
\BOOKMARK [2][-]{subsection.1.21.2}{\376\377\000A\000n\000\341\000l\000i\000s\000i\000s\000\040\000U\000n\000i\000v\000a\000r\000i\000a\000d\000o}{section.1.21}% 82
\BOOKMARK [2][-]{subsection.1.21.3}{\376\377\000A\000n\000\341\000l\000i\000s\000i\000s\000\040\000B\000i\000v\000a\000r\000i\000a\000d\000o}{section.1.21}% 83
\BOOKMARK [1][-]{section.1.22}{\376\377\000A\000n\000\341\000l\000i\000s\000i\000s\000\040\000E\000s\000t\000a\000d\000\355\000s\000t\000i\000c\000o\000\040\000d\000e\000\040\000l\000a\000\040\000E\000s\000t\000a\000c\000i\000\363\000n\000\040\000Y\000a\000r\000a\000d\000a}{chapter.1}% 84
\BOOKMARK [2][-]{subsection.1.22.1}{\376\377\000E\000s\000t\000a\000d\000\355\000s\000t\000i\000c\000a\000s\000\040\000D\000e\000s\000c\000r\000i\000p\000t\000i\000v\000a\000s}{section.1.22}% 85
\BOOKMARK [2][-]{subsection.1.22.2}{\376\377\000A\000n\000\341\000l\000i\000s\000i\000s\000\040\000U\000n\000i\000v\000a\000r\000i\000a\000d\000o}{section.1.22}% 86
\BOOKMARK [2][-]{subsection.1.22.3}{\376\377\000A\000n\000\341\000l\000i\000s\000i\000s\000\040\000B\000i\000v\000a\000r\000i\000a\000d\000o}{section.1.22}% 87
\BOOKMARK [0][-]{chapter.2}{\376\377\000A\000n\000\341\000l\000i\000s\000i\000s\000\040\000p\000o\000r\000\040\000e\000s\000t\000a\000c\000i\000\363\000n\000\040\000y\000\040\000t\000e\000m\000p\000o\000r\000a\000d\000a}{}% 88
\BOOKMARK [1][-]{section.2.1}{\376\377\000S\000t\000a\000t\000i\000o\000n\000:\000\040\000A\000n\000c\000a\000c\000h\000u\000r\000o}{chapter.2}% 89
\BOOKMARK [2][-]{subsection.2.1.1}{\376\377\000P\000r\000e\000c\000i\000p\000i\000t\000a\000t\000i\000o\000n\000\040\000\050\000P\000\051}{section.2.1}% 90
\BOOKMARK [2][-]{subsection.2.1.2}{\376\377\000I\000n\000t\000e\000r\000p\000r\000e\000t\000a\000c\000i\000\363\000n}{section.2.1}% 91
\BOOKMARK [2][-]{subsection.2.1.3}{\376\377\000E\000v\000a\000p\000o\000t\000r\000a\000n\000s\000p\000i\000r\000a\000c\000i\000\363\000n\000\040\000P\000o\000t\000e\000n\000c\000i\000a\000l\000\040\000\050\000P\000E\000T\000\051}{section.2.1}% 92
\BOOKMARK [2][-]{subsection.2.1.4}{\376\377\000C\000o\000m\000p\000a\000r\000a\000c\000i\000\363\000n\000\040\000p\000o\000r\000\040\000t\000e\000m\000p\000o\000r\000a\000d\000a}{section.2.1}% 93
\BOOKMARK [0][-]{figure.caption.178}{\376\377\000B\000i\000b\000l\000i\000o\000g\000r\000a\000f\000\355\000a}{}% 94
